#
# There is insufficient memory for the Java Runtime Environment to continue.
# Native memory allocation (mmap) failed to map 65536 bytes for Failed to commit metaspace.
# Possible reasons:
#   The system is out of physical RAM or swap space
#   The process is running with CompressedOops enabled, and the Java Heap may be blocking the growth of the native heap
# Possible solutions:
#   Reduce memory load on the system
#   Increase physical memory or swap space
#   Check if swap backing store is full
#   Decrease Java heap size (-Xmx/-Xms)
#   Decrease number of Java threads
#   Decrease Java thread stack sizes (-Xss)
#   Set larger code cache with -XX:ReservedCodeCacheSize=
#   JVM is running with Zero Based Compressed Oops mode in which the Java heap is
#     placed in the first 32GB address space. The Java Heap base address is the
#     maximum limit for the native heap growth. Please use -XX:HeapBaseMinAddress
#     to set the Java Heap base and to place the Java Heap above 32GB virtual address.
# This output file may be truncated or incomplete.
#
#  Out of Memory Error (virtualSpaceNode.cpp:110), pid=326220, tid=394088
#
# JRE version: OpenJDK Runtime Environment Temurin-17.0.5+8 (17.0.5+8) (build 17.0.5+8)
# Java VM: OpenJDK 64-Bit Server VM Temurin-17.0.5+8 (17.0.5+8, mixed mode, emulated-client, tiered, compressed oops, compressed class ptrs, g1 gc, windows-amd64)
# No core dump will be written. Minidumps are not enabled by default on client versions of Windows
#

---------------  S U M M A R Y ------------

Command Line: -Dcom.sun.management.jmxremote -Dcom.sun.management.jmxremote.port=55248 -Dcom.sun.management.jmxremote.authenticate=false -Dcom.sun.management.jmxremote.ssl=false -Djava.rmi.server.hostname=localhost -Dspring.jmx.enabled=true -Dmanagement.endpoints.jmx.exposure.include=* -Dspring.application.admin.enabled=true -XX:TieredStopAtLevel=1 -Dspring.boot.project.name=semiproject -Dfile.encoding=UTF-8 -XX:+ShowCodeDetailsInExceptionMessages com.semi.demo.SemiprojectApplication --spring.output.ansi.enabled=always

Host: Intel(R) Core(TM) i5-10400 CPU @ 2.90GHz, 12 cores, 15G,  Windows 10 , 64 bit Build 19041 (10.0.19041.2364)
Time: Wed Dec 28 19:35:25 2022  Windows 10 , 64 bit Build 19041 (10.0.19041.2364) elapsed time: 0.510991 seconds (0d 0h 0m 0s)

---------------  T H R E A D  ---------------

Current thread (0x000002152d347270):  JavaThread "main" [_thread_in_vm, id=394088, stack(0x0000009f5a600000,0x0000009f5a700000)]

Stack: [0x0000009f5a600000,0x0000009f5a700000]
Native frames: (J=compiled Java code, j=interpreted, Vv=VM code, C=native code)
V  [jvm.dll+0x676b3a]
V  [jvm.dll+0x831444]
V  [jvm.dll+0x832bee]
V  [jvm.dll+0x833253]
V  [jvm.dll+0x244ce5]
V  [jvm.dll+0x82d4db]
V  [jvm.dll+0x61b2f6]
V  [jvm.dll+0x1bfd2e]
V  [jvm.dll+0x61dc41]
V  [jvm.dll+0x61bc96]
V  [jvm.dll+0x23937f]
V  [jvm.dll+0x625af5]
V  [jvm.dll+0x24d106]
V  [jvm.dll+0x24e625]
V  [jvm.dll+0x1e2105]
V  [jvm.dll+0x1e168d]
V  [jvm.dll+0x53be59]
V  [jvm.dll+0x7ac5a8]
V  [jvm.dll+0x7ac694]
V  [jvm.dll+0x40ba25]
V  [jvm.dll+0x411bb8]
C  [java.dll+0x17ec]

Java frames: (J=compiled Java code, j=interpreted, Vv=VM code)
j  java.lang.ClassLoader.defineClass1(Ljava/lang/ClassLoader;Ljava/lang/String;[BIILjava/security/ProtectionDomain;Ljava/lang/String;)Ljava/lang/Class;+0 java.base@17.0.5
j  java.lang.ClassLoader.defineClass(Ljava/lang/String;[BIILjava/security/ProtectionDomain;)Ljava/lang/Class;+27 java.base@17.0.5
j  java.security.SecureClassLoader.defineClass(Ljava/lang/String;[BIILjava/security/CodeSource;)Ljava/lang/Class;+12 java.base@17.0.5
j  jdk.internal.loader.BuiltinClassLoader.defineClass(Ljava/lang/String;Ljdk/internal/loader/Resource;)Ljava/lang/Class;+117 java.base@17.0.5
j  jdk.internal.loader.BuiltinClassLoader.findClassOnClassPathOrNull(Ljava/lang/String;)Ljava/lang/Class;+37 java.base@17.0.5
j  jdk.internal.loader.BuiltinClassLoader.loadClassOrNull(Ljava/lang/String;Z)Ljava/lang/Class;+111 java.base@17.0.5
j  jdk.internal.loader.BuiltinClassLoader.loadClass(Ljava/lang/String;Z)Ljava/lang/Class;+3 java.base@17.0.5
j  jdk.internal.loader.ClassLoaders$AppClassLoader.loadClass(Ljava/lang/String;Z)Ljava/lang/Class;+36 java.base@17.0.5
j  java.lang.ClassLoader.loadClass(Ljava/lang/String;)Ljava/lang/Class;+3 java.base@17.0.5
v  ~StubRoutines::call_stub
j  java.lang.Class.forName0(Ljava/lang/String;ZLjava/lang/ClassLoader;Ljava/lang/Class;)Ljava/lang/Class;+0 java.base@17.0.5
j  java.lang.Class.forName(Ljava/lang/String;ZLjava/lang/ClassLoader;)Ljava/lang/Class;+43 java.base@17.0.5
j  org.apache.commons.logging.LogAdapter.isPresent(Ljava/lang/String;)Z+7
j  org.apache.commons.logging.LogAdapter.<clinit>()V+2
v  ~StubRoutines::call_stub
j  org.apache.commons.logging.LogFactory.getLog(Ljava/lang/String;)Lorg/apache/commons/logging/Log;+1
j  org.apache.commons.logging.LogFactory.getLog(Ljava/lang/Class;)Lorg/apache/commons/logging/Log;+4
j  org.springframework.boot.SpringApplication.<clinit>()V+2
v  ~StubRoutines::call_stub
j  com.semi.demo.SemiprojectApplication.main([Ljava/lang/String;)V+3
v  ~StubRoutines::call_stub

---------------  P R O C E S S  ---------------

Threads class SMR info:
_java_thread_list=0x000002154494ae80, length=17, elements={
0x000002152d347270, 0x0000021540c3f610, 0x0000021540c43b50, 0x0000021540c93820,
0x0000021540cb7010, 0x0000021540cbc080, 0x0000021540cc0e50, 0x0000021540cc3720,
0x0000021540cc4020, 0x0000021540d69030, 0x0000021540d86830, 0x0000021540d38380,
0x0000021540e8a440, 0x00000215448ff290, 0x0000021544941ac0, 0x00000215449427f0,
0x00000215449f4920
}

Java Threads: ( => current thread )
=>0x000002152d347270 JavaThread "main" [_thread_in_vm, id=394088, stack(0x0000009f5a600000,0x0000009f5a700000)]
  0x0000021540c3f610 JavaThread "Reference Handler" daemon [_thread_blocked, id=320308, stack(0x0000009f5ad00000,0x0000009f5ae00000)]
  0x0000021540c43b50 JavaThread "Finalizer" daemon [_thread_blocked, id=450296, stack(0x0000009f5ae00000,0x0000009f5af00000)]
  0x0000021540c93820 JavaThread "Signal Dispatcher" daemon [_thread_blocked, id=349016, stack(0x0000009f5af00000,0x0000009f5b000000)]
  0x0000021540cb7010 JavaThread "Attach Listener" daemon [_thread_blocked, id=452004, stack(0x0000009f5b000000,0x0000009f5b100000)]
  0x0000021540cbc080 JavaThread "Service Thread" daemon [_thread_blocked, id=449820, stack(0x0000009f5b100000,0x0000009f5b200000)]
  0x0000021540cc0e50 JavaThread "Monitor Deflation Thread" daemon [_thread_blocked, id=420772, stack(0x0000009f5b200000,0x0000009f5b300000)]
  0x0000021540cc3720 JavaThread "C1 CompilerThread0" daemon [_thread_blocked, id=447756, stack(0x0000009f5b300000,0x0000009f5b400000)]
  0x0000021540cc4020 JavaThread "Sweeper thread" daemon [_thread_blocked, id=408204, stack(0x0000009f5b400000,0x0000009f5b500000)]
  0x0000021540d69030 JavaThread "Common-Cleaner" daemon [_thread_blocked, id=440776, stack(0x0000009f5b500000,0x0000009f5b600000)]
  0x0000021540d86830 JavaThread "C1 CompilerThread1" daemon [_thread_blocked, id=451008, stack(0x0000009f5b600000,0x0000009f5b700000)]
  0x0000021540d38380 JavaThread "C1 CompilerThread2" daemon [_thread_blocked, id=452484, stack(0x0000009f5b700000,0x0000009f5b800000)]
  0x0000021540e8a440 JavaThread "Notification Thread" daemon [_thread_blocked, id=438136, stack(0x0000009f5b800000,0x0000009f5b900000)]
  0x00000215448ff290 JavaThread "RMI TCP Accept-0" daemon [_thread_in_native, id=442796, stack(0x0000009f5b900000,0x0000009f5ba00000)]
  0x0000021544941ac0 JavaThread "RMI TCP Accept-55248" daemon [_thread_in_native, id=342000, stack(0x0000009f5ba00000,0x0000009f5bb00000)]
  0x00000215449427f0 JavaThread "RMI TCP Accept-0" daemon [_thread_in_native, id=449224, stack(0x0000009f5bb00000,0x0000009f5bc00000)]
  0x00000215449f4920 JavaThread "RMI TCP Connection(1)-127.0.0.1" daemon [_thread_in_vm, id=400760, stack(0x0000009f5bd00000,0x0000009f5be00000)]

Other Threads:
  0x000002154012dc50 VMThread "VM Thread" [stack: 0x0000009f5ac00000,0x0000009f5ad00000] [id=408284]
  0x000002152d348130 WatcherThread [stack: 0x0000009f5bc00000,0x0000009f5bd00000] [id=444404]
  0x000002152d3b2870 GCTaskThread "GC Thread#0" [stack: 0x0000009f5a700000,0x0000009f5a800000] [id=452024]
  0x000002152d3c3d20 ConcurrentGCThread "G1 Main Marker" [stack: 0x0000009f5a800000,0x0000009f5a900000] [id=433272]
  0x000002152d3c4640 ConcurrentGCThread "G1 Conc#0" [stack: 0x0000009f5a900000,0x0000009f5aa00000] [id=372788]
  0x000002152d40db10 ConcurrentGCThread "G1 Refine#0" [stack: 0x0000009f5aa00000,0x0000009f5ab00000] [id=441080]
  0x000002153ffc6a50 ConcurrentGCThread "G1 Service" [stack: 0x0000009f5ab00000,0x0000009f5ac00000] [id=445516]

Threads with active compile tasks:

VM state: not at safepoint (normal execution)

VM Mutex/Monitor currently owned by a thread:  ([mutex/lock_event])
[0x000002152d33fa40] Metaspace_lock - owner thread: 0x000002152d347270

Heap address: 0x0000000701400000, size: 4076 MB, Compressed Oops mode: Zero based, Oop shift amount: 3

CDS archive(s) not mapped
Compressed class space mapped at: 0x0000000800000000-0x0000000840000000, reserved size: 1073741824
Narrow klass base: 0x0000000800000000, Narrow klass shift: 0, Narrow klass range: 0x40000000

GC Precious Log:
 CPUs: 12 total, 12 available
 Memory: 16296M
 Large Page Support: Disabled
 NUMA Support: Disabled
 Compressed Oops: Enabled (Zero based)
 Heap Region Size: 2M
 Heap Min Capacity: 8M
 Heap Initial Capacity: 256M
 Heap Max Capacity: 4076M
 Pre-touch: Disabled
 Parallel Workers: 10
 Concurrent Workers: 3
 Concurrent Refinement Workers: 10
 Periodic GC: Disabled

Heap:
 garbage-first heap   total 262144K, used 12288K [0x0000000701400000, 0x0000000800000000)
  region size 2048K, 7 young (14336K), 0 survivors (0K)
 Metaspace       used 12938K, committed 13056K, reserved 1064960K
  class space    used 1325K, committed 1408K, reserved 1048576K

Heap Regions: E=young(eden), S=young(survivor), O=old, HS=humongous(starts), HC=humongous(continues), CS=collection set, F=free, OA=open archive, CA=closed archive, TAMS=top-at-mark-start (previous, next)
|   0|0x0000000701400000, 0x0000000701400000, 0x0000000701600000|  0%| F|  |TAMS 0x0000000701400000, 0x0000000701400000| Untracked 
|   1|0x0000000701600000, 0x0000000701600000, 0x0000000701800000|  0%| F|  |TAMS 0x0000000701600000, 0x0000000701600000| Untracked 
|   2|0x0000000701800000, 0x0000000701800000, 0x0000000701a00000|  0%| F|  |TAMS 0x0000000701800000, 0x0000000701800000| Untracked 
|   3|0x0000000701a00000, 0x0000000701a00000, 0x0000000701c00000|  0%| F|  |TAMS 0x0000000701a00000, 0x0000000701a00000| Untracked 
|   4|0x0000000701c00000, 0x0000000701c00000, 0x0000000701e00000|  0%| F|  |TAMS 0x0000000701c00000, 0x0000000701c00000| Untracked 
|   5|0x0000000701e00000, 0x0000000701e00000, 0x0000000702000000|  0%| F|  |TAMS 0x0000000701e00000, 0x0000000701e00000| Untracked 
|   6|0x0000000702000000, 0x0000000702000000, 0x0000000702200000|  0%| F|  |TAMS 0x0000000702000000, 0x0000000702000000| Untracked 
|   7|0x0000000702200000, 0x0000000702200000, 0x0000000702400000|  0%| F|  |TAMS 0x0000000702200000, 0x0000000702200000| Untracked 
|   8|0x0000000702400000, 0x0000000702400000, 0x0000000702600000|  0%| F|  |TAMS 0x0000000702400000, 0x0000000702400000| Untracked 
|   9|0x0000000702600000, 0x0000000702600000, 0x0000000702800000|  0%| F|  |TAMS 0x0000000702600000, 0x0000000702600000| Untracked 
|  10|0x0000000702800000, 0x0000000702800000, 0x0000000702a00000|  0%| F|  |TAMS 0x0000000702800000, 0x0000000702800000| Untracked 
|  11|0x0000000702a00000, 0x0000000702a00000, 0x0000000702c00000|  0%| F|  |TAMS 0x0000000702a00000, 0x0000000702a00000| Untracked 
|  12|0x0000000702c00000, 0x0000000702c00000, 0x0000000702e00000|  0%| F|  |TAMS 0x0000000702c00000, 0x0000000702c00000| Untracked 
|  13|0x0000000702e00000, 0x0000000702e00000, 0x0000000703000000|  0%| F|  |TAMS 0x0000000702e00000, 0x0000000702e00000| Untracked 
|  14|0x0000000703000000, 0x0000000703000000, 0x0000000703200000|  0%| F|  |TAMS 0x0000000703000000, 0x0000000703000000| Untracked 
|  15|0x0000000703200000, 0x0000000703200000, 0x0000000703400000|  0%| F|  |TAMS 0x0000000703200000, 0x0000000703200000| Untracked 
|  16|0x0000000703400000, 0x0000000703400000, 0x0000000703600000|  0%| F|  |TAMS 0x0000000703400000, 0x0000000703400000| Untracked 
|  17|0x0000000703600000, 0x0000000703600000, 0x0000000703800000|  0%| F|  |TAMS 0x0000000703600000, 0x0000000703600000| Untracked 
|  18|0x0000000703800000, 0x0000000703800000, 0x0000000703a00000|  0%| F|  |TAMS 0x0000000703800000, 0x0000000703800000| Untracked 
|  19|0x0000000703a00000, 0x0000000703a00000, 0x0000000703c00000|  0%| F|  |TAMS 0x0000000703a00000, 0x0000000703a00000| Untracked 
|  20|0x0000000703c00000, 0x0000000703c00000, 0x0000000703e00000|  0%| F|  |TAMS 0x0000000703c00000, 0x0000000703c00000| Untracked 
|  21|0x0000000703e00000, 0x0000000703e00000, 0x0000000704000000|  0%| F|  |TAMS 0x0000000703e00000, 0x0000000703e00000| Untracked 
|  22|0x0000000704000000, 0x0000000704000000, 0x0000000704200000|  0%| F|  |TAMS 0x0000000704000000, 0x0000000704000000| Untracked 
|  23|0x0000000704200000, 0x0000000704200000, 0x0000000704400000|  0%| F|  |TAMS 0x0000000704200000, 0x0000000704200000| Untracked 
|  24|0x0000000704400000, 0x0000000704400000, 0x0000000704600000|  0%| F|  |TAMS 0x0000000704400000, 0x0000000704400000| Untracked 
|  25|0x0000000704600000, 0x0000000704600000, 0x0000000704800000|  0%| F|  |TAMS 0x0000000704600000, 0x0000000704600000| Untracked 
|  26|0x0000000704800000, 0x0000000704800000, 0x0000000704a00000|  0%| F|  |TAMS 0x0000000704800000, 0x0000000704800000| Untracked 
|  27|0x0000000704a00000, 0x0000000704a00000, 0x0000000704c00000|  0%| F|  |TAMS 0x0000000704a00000, 0x0000000704a00000| Untracked 
|  28|0x0000000704c00000, 0x0000000704c00000, 0x0000000704e00000|  0%| F|  |TAMS 0x0000000704c00000, 0x0000000704c00000| Untracked 
|  29|0x0000000704e00000, 0x0000000704e00000, 0x0000000705000000|  0%| F|  |TAMS 0x0000000704e00000, 0x0000000704e00000| Untracked 
|  30|0x0000000705000000, 0x0000000705000000, 0x0000000705200000|  0%| F|  |TAMS 0x0000000705000000, 0x0000000705000000| Untracked 
|  31|0x0000000705200000, 0x0000000705200000, 0x0000000705400000|  0%| F|  |TAMS 0x0000000705200000, 0x0000000705200000| Untracked 
|  32|0x0000000705400000, 0x0000000705400000, 0x0000000705600000|  0%| F|  |TAMS 0x0000000705400000, 0x0000000705400000| Untracked 
|  33|0x0000000705600000, 0x0000000705600000, 0x0000000705800000|  0%| F|  |TAMS 0x0000000705600000, 0x0000000705600000| Untracked 
|  34|0x0000000705800000, 0x0000000705800000, 0x0000000705a00000|  0%| F|  |TAMS 0x0000000705800000, 0x0000000705800000| Untracked 
|  35|0x0000000705a00000, 0x0000000705a00000, 0x0000000705c00000|  0%| F|  |TAMS 0x0000000705a00000, 0x0000000705a00000| Untracked 
|  36|0x0000000705c00000, 0x0000000705c00000, 0x0000000705e00000|  0%| F|  |TAMS 0x0000000705c00000, 0x0000000705c00000| Untracked 
|  37|0x0000000705e00000, 0x0000000705e00000, 0x0000000706000000|  0%| F|  |TAMS 0x0000000705e00000, 0x0000000705e00000| Untracked 
|  38|0x0000000706000000, 0x0000000706000000, 0x0000000706200000|  0%| F|  |TAMS 0x0000000706000000, 0x0000000706000000| Untracked 
|  39|0x0000000706200000, 0x0000000706200000, 0x0000000706400000|  0%| F|  |TAMS 0x0000000706200000, 0x0000000706200000| Untracked 
|  40|0x0000000706400000, 0x0000000706400000, 0x0000000706600000|  0%| F|  |TAMS 0x0000000706400000, 0x0000000706400000| Untracked 
|  41|0x0000000706600000, 0x0000000706600000, 0x0000000706800000|  0%| F|  |TAMS 0x0000000706600000, 0x0000000706600000| Untracked 
|  42|0x0000000706800000, 0x0000000706800000, 0x0000000706a00000|  0%| F|  |TAMS 0x0000000706800000, 0x0000000706800000| Untracked 
|  43|0x0000000706a00000, 0x0000000706a00000, 0x0000000706c00000|  0%| F|  |TAMS 0x0000000706a00000, 0x0000000706a00000| Untracked 
|  44|0x0000000706c00000, 0x0000000706c00000, 0x0000000706e00000|  0%| F|  |TAMS 0x0000000706c00000, 0x0000000706c00000| Untracked 
|  45|0x0000000706e00000, 0x0000000706e00000, 0x0000000707000000|  0%| F|  |TAMS 0x0000000706e00000, 0x0000000706e00000| Untracked 
|  46|0x0000000707000000, 0x0000000707000000, 0x0000000707200000|  0%| F|  |TAMS 0x0000000707000000, 0x0000000707000000| Untracked 
|  47|0x0000000707200000, 0x0000000707200000, 0x0000000707400000|  0%| F|  |TAMS 0x0000000707200000, 0x0000000707200000| Untracked 
|  48|0x0000000707400000, 0x0000000707400000, 0x0000000707600000|  0%| F|  |TAMS 0x0000000707400000, 0x0000000707400000| Untracked 
|  49|0x0000000707600000, 0x0000000707600000, 0x0000000707800000|  0%| F|  |TAMS 0x0000000707600000, 0x0000000707600000| Untracked 
|  50|0x0000000707800000, 0x0000000707800000, 0x0000000707a00000|  0%| F|  |TAMS 0x0000000707800000, 0x0000000707800000| Untracked 
|  51|0x0000000707a00000, 0x0000000707a00000, 0x0000000707c00000|  0%| F|  |TAMS 0x0000000707a00000, 0x0000000707a00000| Untracked 
|  52|0x0000000707c00000, 0x0000000707c00000, 0x0000000707e00000|  0%| F|  |TAMS 0x0000000707c00000, 0x0000000707c00000| Untracked 
|  53|0x0000000707e00000, 0x0000000707e00000, 0x0000000708000000|  0%| F|  |TAMS 0x0000000707e00000, 0x0000000707e00000| Untracked 
|  54|0x0000000708000000, 0x0000000708000000, 0x0000000708200000|  0%| F|  |TAMS 0x0000000708000000, 0x0000000708000000| Untracked 
|  55|0x0000000708200000, 0x0000000708200000, 0x0000000708400000|  0%| F|  |TAMS 0x0000000708200000, 0x0000000708200000| Untracked 
|  56|0x0000000708400000, 0x0000000708400000, 0x0000000708600000|  0%| F|  |TAMS 0x0000000708400000, 0x0000000708400000| Untracked 
|  57|0x0000000708600000, 0x0000000708600000, 0x0000000708800000|  0%| F|  |TAMS 0x0000000708600000, 0x0000000708600000| Untracked 
|  58|0x0000000708800000, 0x0000000708800000, 0x0000000708a00000|  0%| F|  |TAMS 0x0000000708800000, 0x0000000708800000| Untracked 
|  59|0x0000000708a00000, 0x0000000708a00000, 0x0000000708c00000|  0%| F|  |TAMS 0x0000000708a00000, 0x0000000708a00000| Untracked 
|  60|0x0000000708c00000, 0x0000000708c00000, 0x0000000708e00000|  0%| F|  |TAMS 0x0000000708c00000, 0x0000000708c00000| Untracked 
|  61|0x0000000708e00000, 0x0000000708e00000, 0x0000000709000000|  0%| F|  |TAMS 0x0000000708e00000, 0x0000000708e00000| Untracked 
|  62|0x0000000709000000, 0x0000000709000000, 0x0000000709200000|  0%| F|  |TAMS 0x0000000709000000, 0x0000000709000000| Untracked 
|  63|0x0000000709200000, 0x0000000709200000, 0x0000000709400000|  0%| F|  |TAMS 0x0000000709200000, 0x0000000709200000| Untracked 
|  64|0x0000000709400000, 0x0000000709400000, 0x0000000709600000|  0%| F|  |TAMS 0x0000000709400000, 0x0000000709400000| Untracked 
|  65|0x0000000709600000, 0x0000000709600000, 0x0000000709800000|  0%| F|  |TAMS 0x0000000709600000, 0x0000000709600000| Untracked 
|  66|0x0000000709800000, 0x0000000709800000, 0x0000000709a00000|  0%| F|  |TAMS 0x0000000709800000, 0x0000000709800000| Untracked 
|  67|0x0000000709a00000, 0x0000000709a00000, 0x0000000709c00000|  0%| F|  |TAMS 0x0000000709a00000, 0x0000000709a00000| Untracked 
|  68|0x0000000709c00000, 0x0000000709c00000, 0x0000000709e00000|  0%| F|  |TAMS 0x0000000709c00000, 0x0000000709c00000| Untracked 
|  69|0x0000000709e00000, 0x0000000709e00000, 0x000000070a000000|  0%| F|  |TAMS 0x0000000709e00000, 0x0000000709e00000| Untracked 
|  70|0x000000070a000000, 0x000000070a000000, 0x000000070a200000|  0%| F|  |TAMS 0x000000070a000000, 0x000000070a000000| Untracked 
|  71|0x000000070a200000, 0x000000070a200000, 0x000000070a400000|  0%| F|  |TAMS 0x000000070a200000, 0x000000070a200000| Untracked 
|  72|0x000000070a400000, 0x000000070a400000, 0x000000070a600000|  0%| F|  |TAMS 0x000000070a400000, 0x000000070a400000| Untracked 
|  73|0x000000070a600000, 0x000000070a600000, 0x000000070a800000|  0%| F|  |TAMS 0x000000070a600000, 0x000000070a600000| Untracked 
|  74|0x000000070a800000, 0x000000070a800000, 0x000000070aa00000|  0%| F|  |TAMS 0x000000070a800000, 0x000000070a800000| Untracked 
|  75|0x000000070aa00000, 0x000000070aa00000, 0x000000070ac00000|  0%| F|  |TAMS 0x000000070aa00000, 0x000000070aa00000| Untracked 
|  76|0x000000070ac00000, 0x000000070ac00000, 0x000000070ae00000|  0%| F|  |TAMS 0x000000070ac00000, 0x000000070ac00000| Untracked 
|  77|0x000000070ae00000, 0x000000070ae00000, 0x000000070b000000|  0%| F|  |TAMS 0x000000070ae00000, 0x000000070ae00000| Untracked 
|  78|0x000000070b000000, 0x000000070b000000, 0x000000070b200000|  0%| F|  |TAMS 0x000000070b000000, 0x000000070b000000| Untracked 
|  79|0x000000070b200000, 0x000000070b200000, 0x000000070b400000|  0%| F|  |TAMS 0x000000070b200000, 0x000000070b200000| Untracked 
|  80|0x000000070b400000, 0x000000070b400000, 0x000000070b600000|  0%| F|  |TAMS 0x000000070b400000, 0x000000070b400000| Untracked 
|  81|0x000000070b600000, 0x000000070b600000, 0x000000070b800000|  0%| F|  |TAMS 0x000000070b600000, 0x000000070b600000| Untracked 
|  82|0x000000070b800000, 0x000000070b800000, 0x000000070ba00000|  0%| F|  |TAMS 0x000000070b800000, 0x000000070b800000| Untracked 
|  83|0x000000070ba00000, 0x000000070ba00000, 0x000000070bc00000|  0%| F|  |TAMS 0x000000070ba00000, 0x000000070ba00000| Untracked 
|  84|0x000000070bc00000, 0x000000070bc00000, 0x000000070be00000|  0%| F|  |TAMS 0x000000070bc00000, 0x000000070bc00000| Untracked 
|  85|0x000000070be00000, 0x000000070be00000, 0x000000070c000000|  0%| F|  |TAMS 0x000000070be00000, 0x000000070be00000| Untracked 
|  86|0x000000070c000000, 0x000000070c000000, 0x000000070c200000|  0%| F|  |TAMS 0x000000070c000000, 0x000000070c000000| Untracked 
|  87|0x000000070c200000, 0x000000070c200000, 0x000000070c400000|  0%| F|  |TAMS 0x000000070c200000, 0x000000070c200000| Untracked 
|  88|0x000000070c400000, 0x000000070c400000, 0x000000070c600000|  0%| F|  |TAMS 0x000000070c400000, 0x000000070c400000| Untracked 
|  89|0x000000070c600000, 0x000000070c600000, 0x000000070c800000|  0%| F|  |TAMS 0x000000070c600000, 0x000000070c600000| Untracked 
|  90|0x000000070c800000, 0x000000070c800000, 0x000000070ca00000|  0%| F|  |TAMS 0x000000070c800000, 0x000000070c800000| Untracked 
|  91|0x000000070ca00000, 0x000000070ca00000, 0x000000070cc00000|  0%| F|  |TAMS 0x000000070ca00000, 0x000000070ca00000| Untracked 
|  92|0x000000070cc00000, 0x000000070cc00000, 0x000000070ce00000|  0%| F|  |TAMS 0x000000070cc00000, 0x000000070cc00000| Untracked 
|  93|0x000000070ce00000, 0x000000070ce00000, 0x000000070d000000|  0%| F|  |TAMS 0x000000070ce00000, 0x000000070ce00000| Untracked 
|  94|0x000000070d000000, 0x000000070d000000, 0x000000070d200000|  0%| F|  |TAMS 0x000000070d000000, 0x000000070d000000| Untracked 
|  95|0x000000070d200000, 0x000000070d200000, 0x000000070d400000|  0%| F|  |TAMS 0x000000070d200000, 0x000000070d200000| Untracked 
|  96|0x000000070d400000, 0x000000070d400000, 0x000000070d600000|  0%| F|  |TAMS 0x000000070d400000, 0x000000070d400000| Untracked 
|  97|0x000000070d600000, 0x000000070d600000, 0x000000070d800000|  0%| F|  |TAMS 0x000000070d600000, 0x000000070d600000| Untracked 
|  98|0x000000070d800000, 0x000000070d800000, 0x000000070da00000|  0%| F|  |TAMS 0x000000070d800000, 0x000000070d800000| Untracked 
|  99|0x000000070da00000, 0x000000070da00000, 0x000000070dc00000|  0%| F|  |TAMS 0x000000070da00000, 0x000000070da00000| Untracked 
| 100|0x000000070dc00000, 0x000000070dc00000, 0x000000070de00000|  0%| F|  |TAMS 0x000000070dc00000, 0x000000070dc00000| Untracked 
| 101|0x000000070de00000, 0x000000070de00000, 0x000000070e000000|  0%| F|  |TAMS 0x000000070de00000, 0x000000070de00000| Untracked 
| 102|0x000000070e000000, 0x000000070e000000, 0x000000070e200000|  0%| F|  |TAMS 0x000000070e000000, 0x000000070e000000| Untracked 
| 103|0x000000070e200000, 0x000000070e200000, 0x000000070e400000|  0%| F|  |TAMS 0x000000070e200000, 0x000000070e200000| Untracked 
| 104|0x000000070e400000, 0x000000070e400000, 0x000000070e600000|  0%| F|  |TAMS 0x000000070e400000, 0x000000070e400000| Untracked 
| 105|0x000000070e600000, 0x000000070e600000, 0x000000070e800000|  0%| F|  |TAMS 0x000000070e600000, 0x000000070e600000| Untracked 
| 106|0x000000070e800000, 0x000000070e800000, 0x000000070ea00000|  0%| F|  |TAMS 0x000000070e800000, 0x000000070e800000| Untracked 
| 107|0x000000070ea00000, 0x000000070ea00000, 0x000000070ec00000|  0%| F|  |TAMS 0x000000070ea00000, 0x000000070ea00000| Untracked 
| 108|0x000000070ec00000, 0x000000070ec00000, 0x000000070ee00000|  0%| F|  |TAMS 0x000000070ec00000, 0x000000070ec00000| Untracked 
| 109|0x000000070ee00000, 0x000000070ee00000, 0x000000070f000000|  0%| F|  |TAMS 0x000000070ee00000, 0x000000070ee00000| Untracked 
| 110|0x000000070f000000, 0x000000070f000000, 0x000000070f200000|  0%| F|  |TAMS 0x000000070f000000, 0x000000070f000000| Untracked 
| 111|0x000000070f200000, 0x000000070f200000, 0x000000070f400000|  0%| F|  |TAMS 0x000000070f200000, 0x000000070f200000| Untracked 
| 112|0x000000070f400000, 0x000000070f400000, 0x000000070f600000|  0%| F|  |TAMS 0x000000070f400000, 0x000000070f400000| Untracked 
| 113|0x000000070f600000, 0x000000070f600000, 0x000000070f800000|  0%| F|  |TAMS 0x000000070f600000, 0x000000070f600000| Untracked 
| 114|0x000000070f800000, 0x000000070f800000, 0x000000070fa00000|  0%| F|  |TAMS 0x000000070f800000, 0x000000070f800000| Untracked 
| 115|0x000000070fa00000, 0x000000070fa00000, 0x000000070fc00000|  0%| F|  |TAMS 0x000000070fa00000, 0x000000070fa00000| Untracked 
| 116|0x000000070fc00000, 0x000000070fc00000, 0x000000070fe00000|  0%| F|  |TAMS 0x000000070fc00000, 0x000000070fc00000| Untracked 
| 117|0x000000070fe00000, 0x000000070fe00000, 0x0000000710000000|  0%| F|  |TAMS 0x000000070fe00000, 0x000000070fe00000| Untracked 
| 118|0x0000000710000000, 0x0000000710000000, 0x0000000710200000|  0%| F|  |TAMS 0x0000000710000000, 0x0000000710000000| Untracked 
| 119|0x0000000710200000, 0x0000000710200000, 0x0000000710400000|  0%| F|  |TAMS 0x0000000710200000, 0x0000000710200000| Untracked 
| 120|0x0000000710400000, 0x0000000710400000, 0x0000000710600000|  0%| F|  |TAMS 0x0000000710400000, 0x0000000710400000| Untracked 
| 121|0x0000000710600000, 0x0000000710671310, 0x0000000710800000| 22%| E|  |TAMS 0x0000000710600000, 0x0000000710600000| Complete 
| 122|0x0000000710800000, 0x0000000710a00000, 0x0000000710a00000|100%| E|CS|TAMS 0x0000000710800000, 0x0000000710800000| Complete 
| 123|0x0000000710a00000, 0x0000000710c00000, 0x0000000710c00000|100%| E|CS|TAMS 0x0000000710a00000, 0x0000000710a00000| Complete 
| 124|0x0000000710c00000, 0x0000000710e00000, 0x0000000710e00000|100%| E|CS|TAMS 0x0000000710c00000, 0x0000000710c00000| Complete 
| 125|0x0000000710e00000, 0x0000000711000000, 0x0000000711000000|100%| E|CS|TAMS 0x0000000710e00000, 0x0000000710e00000| Complete 
| 126|0x0000000711000000, 0x0000000711200000, 0x0000000711200000|100%| E|CS|TAMS 0x0000000711000000, 0x0000000711000000| Complete 
| 127|0x0000000711200000, 0x0000000711400000, 0x0000000711400000|100%| E|CS|TAMS 0x0000000711200000, 0x0000000711200000| Complete 

Card table byte_map: [0x0000021534530000,0x0000021534d30000] _byte_map_base: 0x0000021530d26000

Marking Bits (Prev, Next): (CMBitMap*) 0x000002152d3b2d90, (CMBitMap*) 0x000002152d3b2dd0
 Prev Bits: [0x0000021535530000, 0x00000215394e0000)
 Next Bits: [0x00000215394e0000, 0x000002153d490000)

Polling page: 0x000002152af90000

Metaspace:

Usage:
  Non-class:     11.34 MB used.
      Class:      1.29 MB used.
       Both:     12.64 MB used.

Virtual space:
  Non-class space:       16.00 MB reserved,      11.38 MB ( 71%) committed,  2 nodes.
      Class space:        1.00 GB reserved,       1.38 MB ( <1%) committed,  1 nodes.
             Both:        1.02 GB reserved,      12.75 MB (  1%) committed. 

Chunk freelists:
   Non-Class:  240.00 KB
       Class:  2.58 MB
        Both:  2.81 MB

MaxMetaspaceSize: unlimited
CompressedClassSpaceSize: 1.00 GB
Initial GC threshold: 21.00 MB
Current GC threshold: 21.00 MB
CDS: off
MetaspaceReclaimPolicy: balanced
 - commit_granule_bytes: 65536.
 - commit_granule_words: 8192.
 - virtual_space_node_default_size: 1048576.
 - enlarge_chunks_in_place: 1.
 - new_chunks_are_fully_committed: 0.
 - uncommit_free_chunks: 1.
 - use_allocation_guard: 0.
 - handle_deallocations: 1.


Internal statistics:

num_allocs_failed_limit: 0.
num_arena_births: 100.
num_arena_deaths: 0.
num_vsnodes_births: 3.
num_vsnodes_deaths: 0.
num_space_committed: 204.
num_space_uncommitted: 0.
num_chunks_returned_to_freelist: 0.
num_chunks_taken_from_freelist: 162.
num_chunk_merges: 0.
num_chunk_splits: 90.
num_chunks_enlarged: 44.
num_purges: 0.
num_inconsistent_stats: 0.

CodeCache: size=49152Kb used=3449Kb max_used=3449Kb free=45703Kb
 bounds [0x0000021530a00000, 0x0000021530d60000, 0x0000021533a00000]
 total_blobs=1337 nmethods=898 adapters=365
 compilation: enabled
              stopped_count=0, restarted_count=0
 full_count=0

Compilation events (20 events):
Event: 0.497 Thread 0x0000021540d38380  889       1       java.lang.invoke.MethodHandleNatives::findMethodHandleType (7 bytes)
Event: 0.497 Thread 0x0000021540d38380 nmethod 889 0x0000021530d5b110 code [0x0000021530d5b2a0, 0x0000021530d5b368]
Event: 0.497 Thread 0x0000021540cc3720  890       1       jdk.internal.org.objectweb.asm.ClassReader::readUtf (161 bytes)
Event: 0.498 Thread 0x0000021540d86830  891       1       java.lang.reflect.Constructor::getRoot (5 bytes)
Event: 0.498 Thread 0x0000021540d86830 nmethod 891 0x0000021530d5b410 code [0x0000021530d5b5a0, 0x0000021530d5b678]
Event: 0.498 Thread 0x0000021540cc3720 nmethod 890 0x0000021530d5b710 code [0x0000021530d5b8e0, 0x0000021530d5bc38]
Event: 0.498 Thread 0x0000021540cc3720  892       1       java.lang.Integer::numberOfLeadingZeros (79 bytes)
Event: 0.498 Thread 0x0000021540cc3720 nmethod 892 0x0000021530d5bf10 code [0x0000021530d5c0a0, 0x0000021530d5c1d8]
Event: 0.498 Thread 0x0000021540cc3720  893       1       sun.invoke.util.VerifyAccess::isTypeVisible (47 bytes)
Event: 0.499 Thread 0x0000021540cc3720 nmethod 893 0x0000021530d5c290 code [0x0000021530d5c440, 0x0000021530d5c638]
Event: 0.499 Thread 0x0000021540cc3720  894       1       java.lang.invoke.DirectMethodHandle::<init> (148 bytes)
Event: 0.499 Thread 0x0000021540cc3720 nmethod 894 0x0000021530d5c790 code [0x0000021530d5c980, 0x0000021530d5cec8]
Event: 0.500 Thread 0x0000021540d86830  895   !   1       java.nio.DirectIntBufferU::get (34 bytes)
Event: 0.500 Thread 0x0000021540d38380  896       1       java.nio.DirectIntBufferU::ix (10 bytes)
Event: 0.500 Thread 0x0000021540cc3720  897   !   1       jdk.internal.misc.ScopedMemoryAccess::getInt (20 bytes)
Event: 0.500 Thread 0x0000021540d38380 nmethod 896 0x0000021530d5d110 code [0x0000021530d5d2a0, 0x0000021530d5d378]
Event: 0.500 Thread 0x0000021540d38380  898   !   1       jdk.internal.misc.ScopedMemoryAccess::getIntInternal (36 bytes)
Event: 0.500 Thread 0x0000021540cc3720 nmethod 897 0x0000021530d5d410 code [0x0000021530d5d5c0, 0x0000021530d5d7b8]
Event: 0.500 Thread 0x0000021540d38380 nmethod 898 0x0000021530d5d910 code [0x0000021530d5daa0, 0x0000021530d5dbc8]
Event: 0.500 Thread 0x0000021540d86830 nmethod 895 0x0000021530d5dc90 code [0x0000021530d5de60, 0x0000021530d5e128]

GC Heap History (0 events):
No events

Dll operation events (7 events):
Event: 0.011 Loaded shared library D:\1.개인작업\Multicampus\4. DevTool\sts-4.17.0.RELEASE\plugins\org.eclipse.justj.openjdk.hotspot.jre.full.win32.x86_64_17.0.5.v20221102-0933\jre\bin\java.dll
Event: 0.160 Loaded shared library D:\1.개인작업\Multicampus\4. DevTool\sts-4.17.0.RELEASE\plugins\org.eclipse.justj.openjdk.hotspot.jre.full.win32.x86_64_17.0.5.v20221102-0933\jre\bin\jimage.dll
Event: 0.163 Loaded shared library D:\1.개인작업\Multicampus\4. DevTool\sts-4.17.0.RELEASE\plugins\org.eclipse.justj.openjdk.hotspot.jre.full.win32.x86_64_17.0.5.v20221102-0933\jre\bin\net.dll
Event: 0.165 Loaded shared library D:\1.개인작업\Multicampus\4. DevTool\sts-4.17.0.RELEASE\plugins\org.eclipse.justj.openjdk.hotspot.jre.full.win32.x86_64_17.0.5.v20221102-0933\jre\bin\nio.dll
Event: 0.182 Loaded shared library D:\1.개인작업\Multicampus\4. DevTool\sts-4.17.0.RELEASE\plugins\org.eclipse.justj.openjdk.hotspot.jre.full.win32.x86_64_17.0.5.v20221102-0933\jre\bin\zip.dll
Event: 0.223 Loaded shared library D:\1.개인작업\Multicampus\4. DevTool\sts-4.17.0.RELEASE\plugins\org.eclipse.justj.openjdk.hotspot.jre.full.win32.x86_64_17.0.5.v20221102-0933\jre\bin\management.dll
Event: 0.234 Loaded shared library D:\1.개인작업\Multicampus\4. DevTool\sts-4.17.0.RELEASE\plugins\org.eclipse.justj.openjdk.hotspot.jre.full.win32.x86_64_17.0.5.v20221102-0933\jre\bin\management_ext.dll

Deoptimization events (0 events):
No events

Classes unloaded (0 events):
No events

Classes redefined (0 events):
No events

Internal exceptions (12 events):
Event: 0.169 Thread 0x000002152d347270 Exception <a 'java/lang/NoSuchMethodError'{0x00000007110f7b30}: 'java.lang.Object java.lang.invoke.DirectMethodHandle$Holder.invokeStaticInit(java.lang.Object)'> (0x00000007110f7b30) 
thrown [s\src\hotspot\share\interpreter\linkResolver.cpp, line 759]
Event: 0.170 Thread 0x000002152d347270 Exception <a 'java/lang/NoSuchMethodError'{0x00000007110fdc50}: 'java.lang.Object java.lang.invoke.Invokers$Holder.invoke_MT(java.lang.Object, java.lang.Object, java.lang.Object)'> (0x00000007110fdc50) 
thrown [s\src\hotspot\share\interpreter\linkResolver.cpp, line 759]
Event: 0.237 Thread 0x000002152d347270 Exception <a 'java/lang/NoSuchMethodError'{0x0000000710fb3790}: 'int java.lang.invoke.DirectMethodHandle$Holder.invokeInterface(java.lang.Object, java.lang.Object)'> (0x0000000710fb3790) 
thrown [s\src\hotspot\share\interpreter\linkResolver.cpp, line 759]
Event: 0.237 Thread 0x000002152d347270 Exception <a 'java/lang/IncompatibleClassChangeError'{0x0000000710fb6d90}: Found class java.lang.Object, but interface was expected> (0x0000000710fb6d90) 
thrown [s\src\hotspot\share\interpreter\linkResolver.cpp, line 826]
Event: 0.238 Thread 0x000002152d347270 Exception <a 'java/lang/NoSuchMethodError'{0x0000000710fbc940}: 'void java.lang.invoke.DirectMethodHandle$Holder.invokeStatic(java.lang.Object, java.lang.Object)'> (0x0000000710fbc940) 
thrown [s\src\hotspot\share\interpreter\linkResolver.cpp, line 759]
Event: 0.272 Thread 0x000002152d347270 Exception <a 'java/lang/NoSuchMethodError'{0x0000000710c8b270}: 'int java.lang.invoke.DirectMethodHandle$Holder.invokeSpecial(java.lang.Object, java.lang.Object, java.lang.Object)'> (0x0000000710c8b270) 
thrown [s\src\hotspot\share\interpreter\linkResolver.cpp, line 759]
Event: 0.306 Thread 0x000002152d347270 Exception <a 'java/lang/NoSuchMethodError'{0x0000000710d946a8}: 'void java.lang.invoke.DirectMethodHandle$Holder.invokeStatic(java.lang.Object, java.lang.Object, java.lang.Object)'> (0x0000000710d946a8) 
thrown [s\src\hotspot\share\interpreter\linkResolver.cpp, line 759]
Event: 0.331 Thread 0x000002152d347270 Exception <a 'java/lang/NoSuchMethodError'{0x0000000710ddf2e8}: 'int java.lang.invoke.DirectMethodHandle$Holder.invokeSpecialIFC(java.lang.Object, java.lang.Object, java.lang.Object)'> (0x0000000710ddf2e8) 
thrown [s\src\hotspot\share\interpreter\linkResolver.cpp, line 759]
Event: 0.347 Thread 0x000002152d347270 Exception <a 'java/lang/NoSuchMethodError'{0x0000000710a551e8}: 'java.lang.Object java.lang.invoke.DirectMethodHandle$Holder.invokeStaticInit(java.lang.Object, int, int, int, int)'> (0x0000000710a551e8) 
thrown [s\src\hotspot\share\interpreter\linkResolver.cpp, line 759]
Event: 0.428 Thread 0x000002152d347270 Exception <a 'java/lang/NoSuchMethodError'{0x0000000710ac4b00}: 'java.lang.Object java.lang.invoke.DirectMethodHandle$Holder.invokeStaticInit(java.lang.Object, java.lang.Object, int, int, int, int)'> (0x0000000710ac4b00) 
thrown [s\src\hotspot\share\interpreter\linkResolver.cpp, line 759]
Event: 0.436 Thread 0x000002152d347270 Exception <a 'java/lang/ClassNotFoundException'{0x0000000710ae0250}: javax/management/remote/rmi/RMIServerImpl_Skel> (0x0000000710ae0250) 
thrown [s\src\hotspot\share\classfile\systemDictionary.cpp, line 256]
Event: 0.471 Thread 0x000002152d347270 Exception <a 'java/lang/ClassNotFoundException'{0x0000000710840768}: jdk/internal/agent/resources/spi/agentProvider> (0x0000000710840768) 
thrown [s\src\hotspot\share\classfile\systemDictionary.cpp, line 256]

VM Operations (6 events):
Event: 0.133 Executing VM operation: HandshakeAllThreads
Event: 0.133 Executing VM operation: HandshakeAllThreads done
Event: 0.313 Executing VM operation: HandshakeAllThreads
Event: 0.313 Executing VM operation: HandshakeAllThreads done
Event: 0.339 Executing VM operation: HandshakeAllThreads
Event: 0.339 Executing VM operation: HandshakeAllThreads done

Events (20 events):
Event: 0.498 loading class java/io/ObjectInputStream$HandleTable done
Event: 0.498 loading class java/io/ObjectInputStream$HandleTable$HandleList
Event: 0.498 loading class java/io/ObjectInputStream$HandleTable$HandleList done
Event: 0.498 loading class java/io/ObjectInputStream$ValidationList
Event: 0.498 loading class java/io/ObjectInputStream$ValidationList done
Event: 0.498 loading class sun/rmi/transport/Transport$1
Event: 0.498 loading class sun/rmi/transport/Transport$1 done
Event: 0.499 loading class sun/rmi/server/MarshalOutputStream$1
Event: 0.499 loading class sun/rmi/server/MarshalOutputStream$1 done
Event: 0.499 loading class java/io/ObjectStreamClass$ExceptionInfo
Event: 0.499 loading class java/io/ObjectStreamClass$ExceptionInfo done
Event: 0.499 loading class java/rmi/server/RMIClassLoader
Event: 0.499 loading class java/rmi/server/RMIClassLoader done
Event: 0.499 loading class java/rmi/server/RMIClassLoader$2
Event: 0.499 loading class java/rmi/server/RMIClassLoaderSpi
Event: 0.499 loading class java/rmi/server/RMIClassLoaderSpi done
Event: 0.499 loading class java/rmi/server/RMIClassLoader$2 done
Event: 0.499 loading class java/rmi/server/RMIClassLoader$1
Event: 0.499 loading class java/rmi/server/RMIClassLoader$1 done
Event: 0.500 loading class sun/rmi/server/LoaderHandler


Dynamic libraries:
0x00007ff67f780000 - 0x00007ff67f78e000 	D:\1.개인작업\Multicampus\4. DevTool\sts-4.17.0.RELEASE\plugins\org.eclipse.justj.openjdk.hotspot.jre.full.win32.x86_64_17.0.5.v20221102-0933\jre\bin\javaw.exe
0x00007ff8b5930000 - 0x00007ff8b5b28000 	C:\WINDOWS\SYSTEM32\ntdll.dll
0x00007ff8b4050000 - 0x00007ff8b410f000 	C:\WINDOWS\System32\KERNEL32.DLL
0x00007ff8b3050000 - 0x00007ff8b3322000 	C:\WINDOWS\System32\KERNELBASE.dll
0x00007ff8b3670000 - 0x00007ff8b3770000 	C:\WINDOWS\System32\ucrtbase.dll
0x00007ff8aa490000 - 0x00007ff8aa4a7000 	D:\1.개인작업\Multicampus\4. DevTool\sts-4.17.0.RELEASE\plugins\org.eclipse.justj.openjdk.hotspot.jre.full.win32.x86_64_17.0.5.v20221102-0933\jre\bin\jli.dll
0x00007ff8aea90000 - 0x00007ff8aeaa9000 	D:\1.개인작업\Multicampus\4. DevTool\sts-4.17.0.RELEASE\plugins\org.eclipse.justj.openjdk.hotspot.jre.full.win32.x86_64_17.0.5.v20221102-0933\jre\bin\VCRUNTIME140.dll
0x00007ff8b5130000 - 0x00007ff8b52d1000 	C:\WINDOWS\System32\USER32.dll
0x00007ff8b3020000 - 0x00007ff8b3042000 	C:\WINDOWS\System32\win32u.dll
0x00007ff8b5050000 - 0x00007ff8b507b000 	C:\WINDOWS\System32\GDI32.dll
0x00007ff8b3400000 - 0x00007ff8b350f000 	C:\WINDOWS\System32\gdi32full.dll
0x00007ff8b3330000 - 0x00007ff8b33cd000 	C:\WINDOWS\System32\msvcp_win.dll
0x00007ff8a64e0000 - 0x00007ff8a677a000 	C:\WINDOWS\WinSxS\amd64_microsoft.windows.common-controls_6595b64144ccf1df_6.0.19041.1110_none_60b5254171f9507e\COMCTL32.dll
0x00007ff8b4f10000 - 0x00007ff8b4fae000 	C:\WINDOWS\System32\msvcrt.dll
0x00007ff8b3970000 - 0x00007ff8b39a2000 	C:\WINDOWS\System32\IMM32.DLL
0x00007ff8b0810000 - 0x00007ff8b081c000 	D:\1.개인작업\Multicampus\4. DevTool\sts-4.17.0.RELEASE\plugins\org.eclipse.justj.openjdk.hotspot.jre.full.win32.x86_64_17.0.5.v20221102-0933\jre\bin\vcruntime140_1.dll
0x00007ff892c50000 - 0x00007ff892ce1000 	D:\1.개인작업\Multicampus\4. DevTool\sts-4.17.0.RELEASE\plugins\org.eclipse.justj.openjdk.hotspot.jre.full.win32.x86_64_17.0.5.v20221102-0933\jre\bin\msvcp140.dll
0x00007ff87d840000 - 0x00007ff87e484000 	D:\1.개인작업\Multicampus\4. DevTool\sts-4.17.0.RELEASE\plugins\org.eclipse.justj.openjdk.hotspot.jre.full.win32.x86_64_17.0.5.v20221102-0933\jre\bin\server\jvm.dll
0x00007ff8b5080000 - 0x00007ff8b512e000 	C:\WINDOWS\System32\ADVAPI32.dll
0x00007ff8b5850000 - 0x00007ff8b58ec000 	C:\WINDOWS\System32\sechost.dll
0x00007ff8b5640000 - 0x00007ff8b5765000 	C:\WINDOWS\System32\RPCRT4.dll
0x00007ff8aa420000 - 0x00007ff8aa447000 	C:\WINDOWS\SYSTEM32\WINMM.dll
0x00007ff8aecd0000 - 0x00007ff8aecd9000 	C:\WINDOWS\SYSTEM32\WSOCK32.dll
0x00007ff8ab400000 - 0x00007ff8ab40a000 	C:\WINDOWS\SYSTEM32\VERSION.dll
0x00007ff8b4a90000 - 0x00007ff8b4afb000 	C:\WINDOWS\System32\WS2_32.dll
0x00007ff8b0f00000 - 0x00007ff8b0f12000 	C:\WINDOWS\SYSTEM32\kernel.appcore.dll
0x00007ff8aeab0000 - 0x00007ff8aeaba000 	D:\1.개인작업\Multicampus\4. DevTool\sts-4.17.0.RELEASE\plugins\org.eclipse.justj.openjdk.hotspot.jre.full.win32.x86_64_17.0.5.v20221102-0933\jre\bin\jimage.dll
0x00007ff8a03e0000 - 0x00007ff8a05c4000 	C:\WINDOWS\SYSTEM32\DBGHELP.DLL
0x00007ff89c3a0000 - 0x00007ff89c3d5000 	C:\WINDOWS\SYSTEM32\dbgcore.DLL
0x00007ff8b38e0000 - 0x00007ff8b3962000 	C:\WINDOWS\System32\bcryptPrimitives.dll
0x00007ff8aa080000 - 0x00007ff8aa0a5000 	D:\1.개인작업\Multicampus\4. DevTool\sts-4.17.0.RELEASE\plugins\org.eclipse.justj.openjdk.hotspot.jre.full.win32.x86_64_17.0.5.v20221102-0933\jre\bin\java.dll
0x00007ff8adf80000 - 0x00007ff8adf98000 	D:\1.개인작업\Multicampus\4. DevTool\sts-4.17.0.RELEASE\plugins\org.eclipse.justj.openjdk.hotspot.jre.full.win32.x86_64_17.0.5.v20221102-0933\jre\bin\zip.dll
0x00007ff8b4320000 - 0x00007ff8b4a64000 	C:\WINDOWS\System32\SHELL32.dll
0x00007ff8b1100000 - 0x00007ff8b1892000 	C:\WINDOWS\SYSTEM32\windows.storage.dll
0x00007ff8b52e0000 - 0x00007ff8b5635000 	C:\WINDOWS\System32\combase.dll
0x00007ff8b2a10000 - 0x00007ff8b2a40000 	C:\WINDOWS\SYSTEM32\Wldp.dll
0x00007ff8b4e60000 - 0x00007ff8b4f0d000 	C:\WINDOWS\System32\SHCORE.dll
0x00007ff8b4b00000 - 0x00007ff8b4b55000 	C:\WINDOWS\System32\shlwapi.dll
0x00007ff8b2f60000 - 0x00007ff8b2f7f000 	C:\WINDOWS\SYSTEM32\profapi.dll
0x00007ff8aa450000 - 0x00007ff8aa469000 	D:\1.개인작업\Multicampus\4. DevTool\sts-4.17.0.RELEASE\plugins\org.eclipse.justj.openjdk.hotspot.jre.full.win32.x86_64_17.0.5.v20221102-0933\jre\bin\net.dll
0x00007ff8adad0000 - 0x00007ff8adbdc000 	C:\WINDOWS\SYSTEM32\WINHTTP.dll
0x00007ff8b2700000 - 0x00007ff8b276a000 	C:\WINDOWS\system32\mswsock.dll
0x00007ff8aa060000 - 0x00007ff8aa075000 	D:\1.개인작업\Multicampus\4. DevTool\sts-4.17.0.RELEASE\plugins\org.eclipse.justj.openjdk.hotspot.jre.full.win32.x86_64_17.0.5.v20221102-0933\jre\bin\nio.dll
0x00007ff8aa480000 - 0x00007ff8aa489000 	D:\1.개인작업\Multicampus\4. DevTool\sts-4.17.0.RELEASE\plugins\org.eclipse.justj.openjdk.hotspot.jre.full.win32.x86_64_17.0.5.v20221102-0933\jre\bin\management.dll
0x00007ff8aa470000 - 0x00007ff8aa47b000 	D:\1.개인작업\Multicampus\4. DevTool\sts-4.17.0.RELEASE\plugins\org.eclipse.justj.openjdk.hotspot.jre.full.win32.x86_64_17.0.5.v20221102-0933\jre\bin\management_ext.dll
0x00007ff8b5040000 - 0x00007ff8b5048000 	C:\WINDOWS\System32\PSAPI.DLL
0x00007ff89af50000 - 0x00007ff89af67000 	C:\WINDOWS\system32\napinsp.dll
0x00007ff89af30000 - 0x00007ff89af4b000 	C:\WINDOWS\system32\pnrpnsp.dll
0x00007ff899b90000 - 0x00007ff899ba5000 	C:\WINDOWS\system32\wshbth.dll
0x00007ff8aea30000 - 0x00007ff8aea4d000 	C:\WINDOWS\system32\NLAapi.dll
0x00007ff8b23f0000 - 0x00007ff8b242b000 	C:\WINDOWS\SYSTEM32\IPHLPAPI.DLL
0x00007ff8b2430000 - 0x00007ff8b24fa000 	C:\WINDOWS\SYSTEM32\DNSAPI.dll
0x00007ff8b4b60000 - 0x00007ff8b4b68000 	C:\WINDOWS\System32\NSI.dll
0x00007ff899b50000 - 0x00007ff899b62000 	C:\WINDOWS\System32\winrnr.dll
0x00007ff8aa570000 - 0x00007ff8aa57a000 	C:\Windows\System32\rasadhlp.dll
0x00007ff8a9000000 - 0x00007ff8a9080000 	C:\WINDOWS\System32\fwpuclnt.dll
0x00007ff8b33d0000 - 0x00007ff8b33f7000 	C:\WINDOWS\System32\bcrypt.dll
0x00007ff8b2900000 - 0x00007ff8b2918000 	C:\WINDOWS\SYSTEM32\CRYPTSP.dll
0x00007ff8b2020000 - 0x00007ff8b2054000 	C:\WINDOWS\system32\rsaenh.dll
0x00007ff8b2ee0000 - 0x00007ff8b2f0e000 	C:\WINDOWS\SYSTEM32\USERENV.dll
0x00007ff8b28f0000 - 0x00007ff8b28fc000 	C:\WINDOWS\SYSTEM32\CRYPTBASE.dll
0x00007ff8ac4c0000 - 0x00007ff8ac4d7000 	C:\WINDOWS\SYSTEM32\dhcpcsvc6.DLL
0x00007ff8ac4a0000 - 0x00007ff8ac4bd000 	C:\WINDOWS\SYSTEM32\dhcpcsvc.DLL

dbghelp: loaded successfully - version: 4.0.5 - missing functions: none
symbol engine: initialized successfully - sym options: 0x614 - pdb path: .;D:\1.개인작업\Multicampus\4. DevTool\sts-4.17.0.RELEASE\plugins\org.eclipse.justj.openjdk.hotspot.jre.full.win32.x86_64_17.0.5.v20221102-0933\jre\bin;C:\WINDOWS\SYSTEM32;C:\WINDOWS\WinSxS\amd64_microsoft.windows.common-controls_6595b64144ccf1df_6.0.19041.1110_none_60b5254171f9507e;D:\1.개인작업\Multicampus\4. DevTool\sts-4.17.0.RELEASE\plugins\org.eclipse.justj.openjdk.hotspot.jre.full.win32.x86_64_17.0.5.v20221102-0933\jre\bi;D:\1.개인작업\Multicampus\4. DevTool\sts-4.17.0.RELEASE\plugins\org.eclipse.justj.openjdk.hotspot.jre.full.win32.x86_64_17.0.5.v20221102-0933\jr;D:\1.개인작업\Multicampus\4. DevTool\sts-4.17.0.RELEASE\plugins\org.eclipse.justj.openjdk.hotspot.jre.full.win32.x86_64_17.0.5.v20221102-093;D:\1.개인작업\Multicampus\4. DevTool\sts-4.17.0.RELEASE\plugins\org.eclipse.justj.openjdk.hotspot.jre.full.win32.x86_64_17.0.5.v20221102;D:\1.개인작업\Multicampus\4. DevTool\sts-4.17.0.RELEASE\plugins\org.eclipse.justj.openjdk.hotspot.jre.full.win32.x86_64_17.0.5.v2022;D:\1.개인작업\Multicampus\4. DevTool\sts-4.17.0.RELEASE\plugins\org.eclipse.justj.openjdk.hotspot.jre.full.win32.x86_64_17.0.5.v;D:\1.개인작업\Multicampus\4. DevTool\sts-4.17.0.RELEASE\plugins\org.eclipse.justj.openjdk.hotspot.jre.full.win32.x86_64_17.0;D:\1.개인작업\Multicampus\4. DevTool\sts-4.17.0.RELEASE\plugins\org.eclipse.justj.openjdk.hotspot.jre.full.win32.x86_64_

VM Arguments:
jvm_args: -Dcom.sun.management.jmxremote -Dcom.sun.management.jmxremote.port=55248 -Dcom.sun.management.jmxremote.authenticate=false -Dcom.sun.management.jmxremote.ssl=false -Djava.rmi.server.hostname=localhost -Dspring.jmx.enabled=true -Dmanagement.endpoints.jmx.exposure.include=* -Dspring.application.admin.enabled=true -XX:TieredStopAtLevel=1 -Dspring.boot.project.name=semiproject -Dfile.encoding=UTF-8 -XX:+ShowCodeDetailsInExceptionMessages 
java_command: com.semi.demo.SemiprojectApplication --spring.output.ansi.enabled=always
java_class_path (initial): D:\1.개인작업\Multicampus\SemiProject\semiproject\target\classes;C:\Users\qwerr\.m2\repository\org\springframework\boot\spring-boot-starter-web\2.7.7\spring-boot-starter-web-2.7.7.jar;C:\Users\qwerr\.m2\repository\org\springframework\boot\spring-boot-starter\2.7.7\spring-boot-starter-2.7.7.jar;C:\Users\qwerr\.m2\repository\org\springframework\boot\spring-boot\2.7.7\spring-boot-2.7.7.jar;C:\Users\qwerr\.m2\repository\org\springframework\boot\spring-boot-autoconfigure\2.7.7\spring-boot-autoconfigure-2.7.7.jar;C:\Users\qwerr\.m2\repository\org\springframework\boot\spring-boot-starter-logging\2.7.7\spring-boot-starter-logging-2.7.7.jar;C:\Users\qwerr\.m2\repository\ch\qos\logback\logback-classic\1.2.11\logback-classic-1.2.11.jar;C:\Users\qwerr\.m2\repository\ch\qos\logback\logback-core\1.2.11\logback-core-1.2.11.jar;C:\Users\qwerr\.m2\repository\org\apache\logging\log4j\log4j-to-slf4j\2.17.2\log4j-to-slf4j-2.17.2.jar;C:\Users\qwerr\.m2\repository\org\apache\logging\log4j\log4j-api\2.17.2\log4j-api-2.17.2.jar;C:\Users\qwerr\.m2\repository\org\slf4j\jul-to-slf4j\1.7.36\jul-to-slf4j-1.7.36.jar;C:\Users\qwerr\.m2\repository\org\yaml\snakeyaml\1.30\snakeyaml-1.30.jar;C:\Users\qwerr\.m2\repository\org\springframework\boot\spring-boot-starter-json\2.7.7\spring-boot-starter-json-2.7.7.jar;C:\Users\qwerr\.m2\repository\com\fasterxml\jackson\core\jackson-databind\2.13.4.2\jackson-databind-2.13.4.2.jar;C:\Users\qwerr\.m2\repository\com\fasterxml\jackson\core\jackson-annotations\2.13.4\jackson-annotations-2.13.4.jar;C:\Users\qwerr\.m2\repository\com\fasterxml\jackson\core\jackson-core\2.13.4\jackson-core-2.13.4.jar;C:\Users\qwerr\.m2\repository\com\fasterxml\jackson\datatype\jackson-datatype-jdk8\2.13.4\jackson-datatype-jdk8-2.13.4.jar;C:\Users\qwerr\.m2\repository\com\fasterxml\jackson\datatype\jackson-datatype-jsr310\2.13.4\jackson-datatype-jsr310-2.13.4.jar;C:\Users\qwerr\.m2\repository\com\fasterxml\jackson\module\jackson-module-parameter-names\2.13
Launcher Type: SUN_STANDARD

[Global flags]
     intx CICompilerCount                          = 4                                         {product} {ergonomic}
     uint ConcGCThreads                            = 3                                         {product} {ergonomic}
     uint G1ConcRefinementThreads                  = 10                                        {product} {ergonomic}
   size_t G1HeapRegionSize                         = 2097152                                   {product} {ergonomic}
    uintx GCDrainStackTargetSize                   = 64                                        {product} {ergonomic}
   size_t InitialHeapSize                          = 268435456                                 {product} {ergonomic}
     bool ManagementServer                         = true                                      {product} {command line}
   size_t MarkStackSize                            = 4194304                                   {product} {ergonomic}
   size_t MaxHeapSize                              = 4273995776                                {product} {ergonomic}
   size_t MaxNewSize                               = 2562719744                                {product} {ergonomic}
   size_t MinHeapDeltaBytes                        = 2097152                                   {product} {ergonomic}
   size_t MinHeapSize                              = 8388608                                   {product} {ergonomic}
    uintx NonProfiledCodeHeapSize                  = 0                                      {pd product} {ergonomic}
     bool ProfileInterpreter                       = false                                  {pd product} {command line}
    uintx ProfiledCodeHeapSize                     = 0                                      {pd product} {ergonomic}
     bool ShowCodeDetailsInExceptionMessages       = true                                   {manageable} {command line}
   size_t SoftMaxHeapSize                          = 4273995776                             {manageable} {ergonomic}
     intx TieredStopAtLevel                        = 1                                         {product} {command line}
     bool UseCompressedClassPointers               = true                           {product lp64_product} {ergonomic}
     bool UseCompressedOops                        = true                           {product lp64_product} {ergonomic}
     bool UseG1GC                                  = true                                      {product} {ergonomic}
     bool UseLargePagesIndividualAllocation        = false                                  {pd product} {ergonomic}

Logging:
Log output configuration:
 #0: stdout all=warning uptime,level,tags
 #1: stderr all=off uptime,level,tags

Environment Variables:
JAVA_HOME=C:\Program Files\Java\jdk-11.0.16.1
PATH=D:/1.개인작업/Multicampus/4. DevTool/sts-4.17.0.RELEASE//plugins/org.eclipse.justj.openjdk.hotspot.jre.full.win32.x86_64_17.0.5.v20221102-0933/jre/bin/server;D:/1.개인작업/Multicampus/4. DevTool/sts-4.17.0.RELEASE//plugins/org.eclipse.justj.openjdk.hotspot.jre.full.win32.x86_64_17.0.5.v20221102-0933/jre/bin;%JAVE_HOME%\bin;C:\WINDOWS\system32;C:\WINDOWS;C:\WINDOWS\System32\Wbem;C:\WINDOWS\System32\WindowsPowerShell\v1.0\;C:\WINDOWS\System32\OpenSSH\;C:\Program Files (x86)\NVIDIA Corporation\PhysX\Common;C:\Program Files\Git\cmd;C:\Program Files\MySQL\MySQL Server 8.0\bin;C:\Program Files\nodejs\;C:\Users\qwerr\AppData\Local\Microsoft\WindowsApps;C:\Users\qwerr\AppData\Local\Programs\Microsoft VS Code\bin;C:\Users\qwerr\AppData\Local\afreeca;C:\Program Files\JetBrains\IntelliJ IDEA Community Edition 2022.2.3\bin;;C:\Users\qwerr\AppData\Roaming\npm;C:\Program Files\Java\jdk-11.0.16.1\bin;;D:\1.개인작업\Multicampus\4. DevTool\sts-4.17.0.RELEASE;
USERNAME=qwerr
OS=Windows_NT
PROCESSOR_IDENTIFIER=Intel64 Family 6 Model 165 Stepping 5, GenuineIntel
TMP=C:\Users\qwerr\AppData\Local\Temp
TEMP=C:\Users\qwerr\AppData\Local\Temp



---------------  S Y S T E M  ---------------

OS:
 Windows 10 , 64 bit Build 19041 (10.0.19041.2364)
OS uptime: 13 days 10:41 hours

CPU: total 12 (initial active 12) (6 cores per cpu, 2 threads per core) family 6 model 165 stepping 5 microcode 0xc8, cx8, cmov, fxsr, ht, mmx, 3dnowpref, sse, sse2, sse3, ssse3, sse4.1, sse4.2, popcnt, lzcnt, tsc, tscinvbit, avx, avx2, aes, erms, clmul, bmi1, bmi2, adx, fma, vzeroupper, clflush, clflushopt

Memory: 4k page, system-wide physical 16296M (542M free)
TotalPageFile size 46024M (AvailPageFile size 3M)
current process WorkingSet (physical memory assigned to process): 59M, peak: 59M
current process commit charge ("private bytes"): 351M, peak: 351M

vm_info: OpenJDK 64-Bit Server VM (17.0.5+8) for windows-amd64 JRE (17.0.5+8), built on Oct 19 2022 04:48:13 by "temurin" with MS VC++ 16.7 (VS2019)

END.
