#
# There is insufficient memory for the Java Runtime Environment to continue.
# Native memory allocation (mmap) failed to map 268435456 bytes for Failed to commit area from 0x0000000701400000 to 0x0000000711400000 of length 268435456.
# Possible reasons:
#   The system is out of physical RAM or swap space
#   The process is running with CompressedOops enabled, and the Java Heap may be blocking the growth of the native heap
# Possible solutions:
#   Reduce memory load on the system
#   Increase physical memory or swap space
#   Check if swap backing store is full
#   Decrease Java heap size (-Xmx/-Xms)
#   Decrease number of Java threads
#   Decrease Java thread stack sizes (-Xss)
#   Set larger code cache with -XX:ReservedCodeCacheSize=
# This output file may be truncated or incomplete.
#
#  Out of Memory Error (./open/src/hotspot/os/windows/os_windows.cpp:3287), pid=478084, tid=475052
#
# JRE version:  (11.0.16.1+1) (build )
# Java VM: Java HotSpot(TM) 64-Bit Server VM (11.0.16.1+1-LTS-1, mixed mode, sharing, tiered, compressed oops, g1 gc, windows-amd64)
# No core dump will be written. Minidumps are not enabled by default on client versions of Windows
#

---------------  S U M M A R Y ------------

Command Line: -Dcom.sun.management.jmxremote -Dcom.sun.management.jmxremote.port=54657 -Dcom.sun.management.jmxremote.authenticate=false -Dcom.sun.management.jmxremote.ssl=false -Djava.rmi.server.hostname=localhost -Dspring.jmx.enabled=true -Dmanagement.endpoints.jmx.exposure.include=* -Dspring.application.admin.enabled=true -XX:TieredStopAtLevel=1 -Dspring.boot.project.name=semiproject -Dfile.encoding=UTF-8 com.semi.demo.SemiprojectApplication --spring.output.ansi.enabled=always

Host: Intel(R) Core(TM) i5-10400 CPU @ 2.90GHz, 12 cores, 15G,  Windows 10 , 64 bit Build 19041 (10.0.19041.2364)
Time: Thu Dec 29 13:42:05 2022  Windows 10 , 64 bit Build 19041 (10.0.19041.2364) elapsed time: 0.023678 seconds (0d 0h 0m 0s)

---------------  T H R E A D  ---------------

Current thread (0x0000012b5967f000):  JavaThread "Unknown thread" [_thread_in_vm, id=475052, stack(0x0000000371b00000,0x0000000371c00000)]

Stack: [0x0000000371b00000,0x0000000371c00000]
Native frames: (J=compiled Java code, j=interpreted, Vv=VM code, C=native code)
V  [jvm.dll+0x62a3da]
V  [jvm.dll+0x76407f]
V  [jvm.dll+0x765729]
V  [jvm.dll+0x765db3]
V  [jvm.dll+0x23dc18]
V  [jvm.dll+0x6276fa]
V  [jvm.dll+0x61c465]
V  [jvm.dll+0x2f2c2c]
V  [jvm.dll+0x2f2ab2]
V  [jvm.dll+0x2f77d6]
V  [jvm.dll+0x33a1df]
V  [jvm.dll+0x339c10]
V  [jvm.dll+0x2d0248]
V  [jvm.dll+0x2d13b6]
V  [jvm.dll+0x73e647]
V  [jvm.dll+0x73fedf]
V  [jvm.dll+0x346f09]
V  [jvm.dll+0x723f50]
V  [jvm.dll+0x3b5aef]
V  [jvm.dll+0x3b7c01]
C  [jli.dll+0x5207]
C  [ucrtbase.dll+0x21bb2]
C  [KERNEL32.DLL+0x17614]
C  [ntdll.dll+0x526a1]


---------------  P R O C E S S  ---------------

Threads class SMR info:
_java_thread_list=0x0000012b59509a90, length=0, elements={
}

Java Threads: ( => current thread )

Other Threads:
  0x0000012b59693800 GCTaskThread "GC Thread#0" [stack: 0x0000000371c00000,0x0000000371d00000] [id=463388]
  0x0000012b596f3000 ConcurrentGCThread "G1 Main Marker" [stack: 0x0000000371d00000,0x0000000371e00000] [id=335488]
  0x0000012b596f7000 ConcurrentGCThread "G1 Conc#0" [stack: 0x0000000371e00000,0x0000000371f00000] [id=368776]

[error occurred during error reporting (printing all threads), id 0xc0000005, EXCEPTION_ACCESS_VIOLATION (0xc0000005) at pc=0x00007ff87ccef4d7]

VM state:not at safepoint (not fully initialized)

VM Mutex/Monitor currently owned by a thread:  ([mutex/lock_event])
[0x0000012b5967b190] Heap_lock - owner thread: 0x0000012b5967f000

Heap address: 0x0000000701400000, size: 4076 MB, Compressed Oops mode: Non-zero based: 0x0000000701400000
Narrow klass base: 0x0000000000000000, Narrow klass shift: 0

GC Heap History (0 events):
No events

Deoptimization events (0 events):
No events

Classes redefined (0 events):
No events

Internal exceptions (0 events):
No events

Events (0 events):
No events


Dynamic libraries:
0x00007ff69d6b0000 - 0x00007ff69d6bf000 	C:\Program Files\Java\jdk-11.0.16.1\bin\javaw.exe
0x00007ff8b5930000 - 0x00007ff8b5b28000 	C:\WINDOWS\SYSTEM32\ntdll.dll
0x00007ff8b4050000 - 0x00007ff8b410f000 	C:\WINDOWS\System32\KERNEL32.DLL
0x00007ff8b3050000 - 0x00007ff8b3322000 	C:\WINDOWS\System32\KERNELBASE.dll
0x00007ff8b3670000 - 0x00007ff8b3770000 	C:\WINDOWS\System32\ucrtbase.dll
0x00007ff8ae230000 - 0x00007ff8ae248000 	C:\Program Files\Java\jdk-11.0.16.1\bin\jli.dll
0x00007ff8a9400000 - 0x00007ff8a9415000 	C:\Program Files\Java\jdk-11.0.16.1\bin\VCRUNTIME140.dll
0x00007ff8b5080000 - 0x00007ff8b512e000 	C:\WINDOWS\System32\ADVAPI32.dll
0x00007ff8b4f10000 - 0x00007ff8b4fae000 	C:\WINDOWS\System32\msvcrt.dll
0x00007ff8b5850000 - 0x00007ff8b58ec000 	C:\WINDOWS\System32\sechost.dll
0x00007ff8b5640000 - 0x00007ff8b5765000 	C:\WINDOWS\System32\RPCRT4.dll
0x00007ff8b5130000 - 0x00007ff8b52d1000 	C:\WINDOWS\System32\USER32.dll
0x00007ff8b3020000 - 0x00007ff8b3042000 	C:\WINDOWS\System32\win32u.dll
0x00007ff8b5050000 - 0x00007ff8b507b000 	C:\WINDOWS\System32\GDI32.dll
0x00007ff8b3400000 - 0x00007ff8b350f000 	C:\WINDOWS\System32\gdi32full.dll
0x00007ff8b3330000 - 0x00007ff8b33cd000 	C:\WINDOWS\System32\msvcp_win.dll
0x00007ff8a6580000 - 0x00007ff8a681a000 	C:\WINDOWS\WinSxS\amd64_microsoft.windows.common-controls_6595b64144ccf1df_6.0.19041.1110_none_60b5254171f9507e\COMCTL32.dll
0x00007ff8ab400000 - 0x00007ff8ab40a000 	C:\WINDOWS\SYSTEM32\VERSION.dll
0x00007ff8b3970000 - 0x00007ff8b39a2000 	C:\WINDOWS\System32\IMM32.DLL
0x00007ff8a70c0000 - 0x00007ff8a715b000 	C:\Program Files\Java\jdk-11.0.16.1\bin\msvcp140.dll
0x00007ff87ca10000 - 0x00007ff87d528000 	C:\Program Files\Java\jdk-11.0.16.1\bin\server\jvm.dll
0x00007ff8b5040000 - 0x00007ff8b5048000 	C:\WINDOWS\System32\PSAPI.DLL
0x00007ff8ade70000 - 0x00007ff8ade79000 	C:\WINDOWS\SYSTEM32\WSOCK32.dll
0x00007ff8aa420000 - 0x00007ff8aa447000 	C:\WINDOWS\SYSTEM32\WINMM.dll
0x00007ff8b4a90000 - 0x00007ff8b4afb000 	C:\WINDOWS\System32\WS2_32.dll
0x00007ff8b0f00000 - 0x00007ff8b0f12000 	C:\WINDOWS\SYSTEM32\kernel.appcore.dll
0x00007ff8b0910000 - 0x00007ff8b0920000 	C:\Program Files\Java\jdk-11.0.16.1\bin\verify.dll
0x00007ff8a03e0000 - 0x00007ff8a05c4000 	C:\WINDOWS\SYSTEM32\DBGHELP.DLL
0x00007ff89c3a0000 - 0x00007ff89c3d5000 	C:\WINDOWS\SYSTEM32\dbgcore.DLL
0x00007ff8b38e0000 - 0x00007ff8b3962000 	C:\WINDOWS\System32\bcryptPrimitives.dll
0x00007ff8a7090000 - 0x00007ff8a70b8000 	C:\Program Files\Java\jdk-11.0.16.1\bin\java.dll
0x00007ff8b06c0000 - 0x00007ff8b06ca000 	C:\Program Files\Java\jdk-11.0.16.1\bin\jimage.dll
0x00007ff8a7340000 - 0x00007ff8a7356000 	C:\Program Files\Java\jdk-11.0.16.1\bin\zip.dll

dbghelp: loaded successfully - version: 4.0.5 - missing functions: none
symbol engine: initialized successfully - sym options: 0x614 - pdb path: .;C:\Program Files\Java\jdk-11.0.16.1\bin;C:\WINDOWS\SYSTEM32;C:\WINDOWS\WinSxS\amd64_microsoft.windows.common-controls_6595b64144ccf1df_6.0.19041.1110_none_60b5254171f9507e;C:\Program Files\Java\jdk-11.0.16.1\bin\server

VM Arguments:
jvm_args: -Dcom.sun.management.jmxremote -Dcom.sun.management.jmxremote.port=54657 -Dcom.sun.management.jmxremote.authenticate=false -Dcom.sun.management.jmxremote.ssl=false -Djava.rmi.server.hostname=localhost -Dspring.jmx.enabled=true -Dmanagement.endpoints.jmx.exposure.include=* -Dspring.application.admin.enabled=true -XX:TieredStopAtLevel=1 -Dspring.boot.project.name=semiproject -Dfile.encoding=UTF-8 
java_command: com.semi.demo.SemiprojectApplication --spring.output.ansi.enabled=always
java_class_path (initial): D:\1.개인작업\Multicampus\SemiProject\semiproject\target\classes;C:\Users\qwerr\.m2\repository\org\springframework\boot\spring-boot-starter-web\2.7.7\spring-boot-starter-web-2.7.7.jar;C:\Users\qwerr\.m2\repository\org\springframework\boot\spring-boot-starter\2.7.7\spring-boot-starter-2.7.7.jar;C:\Users\qwerr\.m2\repository\org\springframework\boot\spring-boot\2.7.7\spring-boot-2.7.7.jar;C:\Users\qwerr\.m2\repository\org\springframework\boot\spring-boot-autoconfigure\2.7.7\spring-boot-autoconfigure-2.7.7.jar;C:\Users\qwerr\.m2\repository\org\springframework\boot\spring-boot-starter-logging\2.7.7\spring-boot-starter-logging-2.7.7.jar;C:\Users\qwerr\.m2\repository\ch\qos\logback\logback-classic\1.2.11\logback-classic-1.2.11.jar;C:\Users\qwerr\.m2\repository\ch\qos\logback\logback-core\1.2.11\logback-core-1.2.11.jar;C:\Users\qwerr\.m2\repository\org\apache\logging\log4j\log4j-to-slf4j\2.17.2\log4j-to-slf4j-2.17.2.jar;C:\Users\qwerr\.m2\repository\org\apache\logging\log4j\log4j-api\2.17.2\log4j-api-2.17.2.jar;C:\Users\qwerr\.m2\repository\org\slf4j\jul-to-slf4j\1.7.36\jul-to-slf4j-1.7.36.jar;C:\Users\qwerr\.m2\repository\org\yaml\snakeyaml\1.30\snakeyaml-1.30.jar;C:\Users\qwerr\.m2\repository\org\springframework\boot\spring-boot-starter-json\2.7.7\spring-boot-starter-json-2.7.7.jar;C:\Users\qwerr\.m2\repository\com\fasterxml\jackson\core\jackson-databind\2.13.4.2\jackson-databind-2.13.4.2.jar;C:\Users\qwerr\.m2\repository\com\fasterxml\jackson\core\jackson-annotations\2.13.4\jackson-annotations-2.13.4.jar;C:\Users\qwerr\.m2\repository\com\fasterxml\jackson\core\jackson-core\2.13.4\jackson-core-2.13.4.jar;C:\Users\qwerr\.m2\repository\com\fasterxml\jackson\datatype\jackson-datatype-jdk8\2.13.4\jackson-datatype-jdk8-2.13.4.jar;C:\Users\qwerr\.m2\repository\com\fasterxml\jackson\datatype\jackson-datatype-jsr310\2.13.4\jackson-datatype-jsr310-2.13.4.jar;C:\Users\qwerr\.m2\repository\com\fasterxml\jackson\module\jackson-module-parameter-names\2.13
Launcher Type: SUN_STANDARD

[Global flags]
     intx CICompilerCount                          = 4                                         {product} {ergonomic}
     uint ConcGCThreads                            = 3                                         {product} {ergonomic}
     uint G1ConcRefinementThreads                  = 10                                        {product} {ergonomic}
   size_t G1HeapRegionSize                         = 1048576                                   {product} {ergonomic}
    uintx GCDrainStackTargetSize                   = 64                                        {product} {ergonomic}
   size_t InitialHeapSize                          = 268435456                                 {product} {ergonomic}
     bool ManagementServer                         = true                                      {product} {command line}
   size_t MarkStackSize                            = 4194304                                   {product} {ergonomic}
   size_t MaxHeapSize                              = 4273995776                                {product} {ergonomic}
   size_t MinHeapDeltaBytes                        = 1048576                                   {product} {ergonomic}
    uintx NonNMethodCodeHeapSize                   = 7549744                                {pd product} {ergonomic}
    uintx NonProfiledCodeHeapSize                  = 244108496                              {pd product} {ergonomic}
    uintx ProfiledCodeHeapSize                     = 0                                      {pd product} {ergonomic}
    uintx ReservedCodeCacheSize                    = 251658240                              {pd product} {ergonomic}
     bool SegmentedCodeCache                       = true                                      {product} {ergonomic}
     intx TieredStopAtLevel                        = 1                                         {product} {command line}
     bool UseCompressedClassPointers               = true                                 {lp64_product} {ergonomic}
     bool UseCompressedOops                        = true                                 {lp64_product} {ergonomic}
     bool UseG1GC                                  = true                                      {product} {ergonomic}
     bool UseLargePagesIndividualAllocation        = false                                  {pd product} {ergonomic}

Logging:
Log output configuration:
 #0: stdout all=warning uptime,level,tags
 #1: stderr all=off uptime,level,tags

Environment Variables:
JAVA_HOME=C:\Program Files\Java\jdk-11.0.16.1
PATH=D:/1.개인작업/Multicampus/4. DevTool/sts-4.17.0.RELEASE//plugins/org.eclipse.justj.openjdk.hotspot.jre.full.win32.x86_64_17.0.5.v20221102-0933/jre/bin/server;D:/1.개인작업/Multicampus/4. DevTool/sts-4.17.0.RELEASE//plugins/org.eclipse.justj.openjdk.hotspot.jre.full.win32.x86_64_17.0.5.v20221102-0933/jre/bin;%JAVE_HOME%\bin;C:\WINDOWS\system32;C:\WINDOWS;C:\WINDOWS\System32\Wbem;C:\WINDOWS\System32\WindowsPowerShell\v1.0\;C:\WINDOWS\System32\OpenSSH\;C:\Program Files (x86)\NVIDIA Corporation\PhysX\Common;C:\Program Files\Git\cmd;C:\Program Files\MySQL\MySQL Server 8.0\bin;C:\Program Files\nodejs\;C:\Users\qwerr\AppData\Local\Microsoft\WindowsApps;C:\Users\qwerr\AppData\Local\Programs\Microsoft VS Code\bin;C:\Users\qwerr\AppData\Local\afreeca;C:\Program Files\JetBrains\IntelliJ IDEA Community Edition 2022.2.3\bin;;C:\Users\qwerr\AppData\Roaming\npm;C:\Program Files\Java\jdk-11.0.16.1\bin;;D:\1.개인작업\Multicampus\4. DevTool\sts-4.17.0.RELEASE;
USERNAME=qwerr
OS=Windows_NT
PROCESSOR_IDENTIFIER=Intel64 Family 6 Model 165 Stepping 5, GenuineIntel



---------------  S Y S T E M  ---------------

OS: Windows 10 , 64 bit Build 19041 (10.0.19041.2364)

CPU:total 12 (initial active 12) (6 cores per cpu, 2 threads per core) family 6 model 165 stepping 5 microcode 0xc8, cmov, cx8, fxsr, mmx, sse, sse2, sse3, ssse3, sse4.1, sse4.2, popcnt, avx, avx2, aes, clmul, erms, 3dnowpref, lzcnt, ht, tsc, tscinvbit, bmi1, bmi2, adx, fma

Memory: 4k page, system-wide physical 16296M (506M free)
TotalPageFile size 46024M (AvailPageFile size 142M)
current process WorkingSet (physical memory assigned to process): 10M, peak: 10M
current process commit charge ("private bytes"): 62M, peak: 318M

vm_info: Java HotSpot(TM) 64-Bit Server VM (11.0.16.1+1-LTS-1) for windows-amd64 JRE (11.0.16.1+1-LTS-1), built on Aug 16 2022 01:46:01 by "mach5one" with MS VC++ 15.9 (VS2017)

END.
